2019-10-24 14:40:17,259 INFO notifyConnectTimeout:200

2019-10-24 14:40:17,264 INFO notifySocketTimeout:8000

2019-10-24 14:40:17,264 INFO isHealthCheck:true

2019-10-24 14:40:17,265 INFO maxHealthCheckFailCount:12

2019-10-24 14:40:17,265 INFO maxContent:10485760

2019-10-24 14:40:17,267 INFO spring.datasource.platform:mysql

2019-10-24 14:40:33,612 INFO ServerListService address-server port:8848

2019-10-24 14:40:33,612 INFO ADDRESS_SERVER_URL:http://jmenv.tbsite.net:8080/nacos/serverlist

2019-10-24 14:40:33,619 WARN [serverlist] updated to [192.168.1.101]

2019-10-24 14:40:34,292 WARN DumpService start

2019-10-24 14:40:34,319 INFO start clear all config-info.

2019-10-24 14:40:34,362 WARN clear all config-info failed.

2019-10-24 14:40:34,375 INFO clear all config-info-tenant success.

2019-10-24 14:40:35,311 INFO [all-dump] 3 / 3

2019-10-24 14:40:35,311 INFO start clear all config-info-beta.

2019-10-24 14:40:35,312 WARN clear all config-info-beta failed.

2019-10-24 14:40:35,312 WARN clear all config-info-beta-tenant failed.

2019-10-24 14:40:35,684 INFO start clear all config-info-tag.

2019-10-24 14:40:35,685 WARN clear all config-info-tag failed.

2019-10-24 14:40:35,685 WARN clear all config-info-tag-tenant failed.

