2019-11-11 09:53:10,972 INFO Starting Nacos v1.1.3 on PC-20181130LTDG with PID 3276 (F:\workspace\backend\xuecheng\data\nacos\target\nacos-server.jar started by Administrator in F:\workspace\backend\xuecheng\data\nacos\bin)

2019-11-11 09:53:10,997 INFO The following profiles are active: standalone

2019-11-11 09:53:13,190 INFO Bean 'org.springframework.security.config.annotation.configuration.ObjectPostProcessorConfiguration' of type [org.springframework.security.config.annotation.configuration.ObjectPostProcessorConfiguration$$EnhancerBySpringCGLIB$$5552e2f7] is not eligible for getting processed by all BeanPostProcessors (for example: not eligible for auto-proxying)

2019-11-11 09:53:13,266 INFO Bean 'objectPostProcessor' of type [org.springframework.security.config.annotation.configuration.AutowireBeanFactoryObjectPostProcessor] is not eligible for getting processed by all BeanPostProcessors (for example: not eligible for auto-proxying)

2019-11-11 09:53:13,270 INFO Bean 'org.springframework.security.access.expression.method.DefaultMethodSecurityExpressionHandler@202b0582' of type [org.springframework.security.access.expression.method.DefaultMethodSecurityExpressionHandler] is not eligible for getting processed by all BeanPostProcessors (for example: not eligible for auto-proxying)

2019-11-11 09:53:13,271 INFO Bean 'org.springframework.security.config.annotation.method.configuration.GlobalMethodSecurityConfiguration' of type [org.springframework.security.config.annotation.method.configuration.GlobalMethodSecurityConfiguration$$EnhancerBySpringCGLIB$$7a2785a9] is not eligible for getting processed by all BeanPostProcessors (for example: not eligible for auto-proxying)

2019-11-11 09:53:13,275 INFO Bean 'methodSecurityMetadataSource' of type [org.springframework.security.access.method.DelegatingMethodSecurityMetadataSource] is not eligible for getting processed by all BeanPostProcessors (for example: not eligible for auto-proxying)

2019-11-11 09:53:14,023 INFO Tomcat initialized with port(s): 8848 (http)

2019-11-11 09:53:14,045 INFO Starting service [Tomcat]

2019-11-11 09:53:14,045 INFO Starting Servlet Engine: Apache Tomcat/9.0.13

2019-11-11 09:53:14,054 INFO The APR based Apache Tomcat Native library which allows optimal performance in production environments was not found on the java.library.path: [D:\java8\jdk\bin;C:\Windows\Sun\Java\bin;C:\Windows\system32;C:\Windows;C:\ProgramData\Oracle\Java\javapath;D:\python;D:\python\Library\mingw-w64\bin;D:\python\Library\usr\bin;D:\python\Library\bin;D:\python\Scripts;D:\instantclient;C:\Windows\system32;C:\Windows;C:\Windows\System32\Wbem;C:\Windows\System32\WindowsPowerShell\v1.0\;C:\Windows\System32\OpenSSH\;D:\java8\jdk\bin;D:\java8\jdk\jre\bin;D:\maven\bin;D:\TortoiseSVN\bin;D:\pypy3.6\pypy3.6-v7.1.1-win32;D:\git\Git\cmd;D:\TortoiseGit\bin;D:\nodejs\;D:\flutter\bin;C:\Program Files\dotnet\;D:\SecureCRT\;C:\Users\Administrator\AppData\Local\Microsoft\WindowsApps;C:\Users\Administrator\AppData\Roaming\npm;.]

2019-11-11 09:53:14,117 INFO Initializing Spring embedded WebApplicationContext

2019-11-11 09:53:14,117 INFO Root WebApplicationContext: initialization completed in 3063 ms

2019-11-11 09:53:15,144 INFO Use Mysql as the driver

2019-11-11 09:53:21,413 INFO Initializing ExecutorService 'applicationTaskExecutor'

2019-11-11 09:53:21,543 INFO Adding welcome page: class path resource [static/index.html]

2019-11-11 09:53:21,822 INFO Creating filter chain: Ant [pattern='/'], []

2019-11-11 09:53:21,823 INFO Creating filter chain: Ant [pattern='/**/*.css'], []

2019-11-11 09:53:21,823 INFO Creating filter chain: Ant [pattern='/**/*.js'], []

2019-11-11 09:53:21,824 INFO Creating filter chain: Ant [pattern='/**/*.html'], []

2019-11-11 09:53:21,824 INFO Creating filter chain: Ant [pattern='/**/*.map'], []

2019-11-11 09:53:21,824 INFO Creating filter chain: Ant [pattern='/**/*.svg'], []

2019-11-11 09:53:21,824 INFO Creating filter chain: Ant [pattern='/**/*.png'], []

2019-11-11 09:53:21,824 INFO Creating filter chain: Ant [pattern='/**/*.ico'], []

2019-11-11 09:53:21,824 INFO Creating filter chain: Ant [pattern='/console-fe/public/**'], []

2019-11-11 09:53:21,825 INFO Creating filter chain: Ant [pattern='/v1/auth/login'], []

2019-11-11 09:53:21,825 INFO Creating filter chain: Ant [pattern='/v1/console/health/**'], []

2019-11-11 09:53:21,825 INFO Creating filter chain: Ant [pattern='/v1/cs/**'], []

2019-11-11 09:53:21,825 INFO Creating filter chain: Ant [pattern='/v1/ns/**'], []

2019-11-11 09:53:21,825 INFO Creating filter chain: Ant [pattern='/v1/cmdb/**'], []

2019-11-11 09:53:21,825 INFO Creating filter chain: Ant [pattern='/actuator/**'], []

2019-11-11 09:53:21,825 INFO Creating filter chain: Ant [pattern='/v1/console/server/**'], []

2019-11-11 09:53:21,868 INFO Creating filter chain: any request, [org.springframework.security.web.context.request.async.WebAsyncManagerIntegrationFilter@1c3b9394, org.springframework.security.web.context.SecurityContextPersistenceFilter@366c4480, org.springframework.security.web.header.HeaderWriterFilter@1253e7cb, org.springframework.security.web.authentication.logout.LogoutFilter@5cbe877d, com.alibaba.nacos.console.filter.JwtAuthenticationTokenFilter@6f2cfcc2, org.springframework.security.web.savedrequest.RequestCacheAwareFilter@302a07d, org.springframework.security.web.servletapi.SecurityContextHolderAwareRequestFilter@7e8dcdaa, org.springframework.security.web.authentication.AnonymousAuthenticationFilter@7f6f61c8, org.springframework.security.web.session.SessionManagementFilter@61c9c3fd, org.springframework.security.web.access.ExceptionTranslationFilter@7966baa7, org.springframework.security.web.access.intercept.FilterSecurityInterceptor@61ce23ac]

2019-11-11 09:53:21,896 INFO Exposing 2 endpoint(s) beneath base path '/actuator'

2019-11-11 09:53:21,920 INFO Initializing ExecutorService 'taskScheduler'

2019-11-11 09:53:22,011 INFO Tomcat started on port(s): 8848 (http) with context path '/nacos'

2019-11-11 09:53:22,015 INFO Started Nacos in 12.358 seconds (JVM running for 13.43)

2019-11-11 09:53:22,015 INFO Nacos Log files: F:\workspace\backend\xuecheng\data\nacos/logs/

2019-11-11 09:53:22,016 INFO Nacos Conf files: F:\workspace\backend\xuecheng\data\nacos/conf/

2019-11-11 09:53:22,016 INFO Nacos Data files: F:\workspace\backend\xuecheng\data\nacos/data/

2019-11-11 09:53:22,016 INFO Nacos started successfully in stand alone mode.

2019-11-11 09:53:25,262 INFO Initializing Spring DispatcherServlet 'dispatcherServlet'

2019-11-11 09:53:25,262 INFO Initializing Servlet 'dispatcherServlet'

2019-11-11 09:53:25,269 INFO Completed initialization in 7 ms

2019-11-11 09:53:30,543 INFO Expired JWT token.

2019-11-11 09:53:30,570 ERROR Responding with unauthorized error. Message - Full authentication is required to access this resource

2019-11-11 10:03:20,077 INFO [capacityManagement] start correct usage

2019-11-11 10:03:20,358 INFO [capacityManagement] end correct usage, cost: 0s

2019-11-11 10:03:21,120 WARN clearConfigHistory start

2019-11-11 10:03:21,254 WARN clearConfigHistory, getBeforeStamp:2019-10-12 10:03:21.0, totalCount:8, pageSize:1000, removeTime:1

2019-11-11 10:13:20,359 INFO [capacityManagement] start correct usage

2019-11-11 10:13:20,614 INFO [capacityManagement] end correct usage, cost: 0s

2019-11-11 10:13:21,392 WARN clearConfigHistory start

2019-11-11 18:38:24,717 INFO Starting Nacos v1.1.3 on PC-20181130LTDG with PID 4648 (F:\workspace\backend\xuecheng\data\nacos\target\nacos-server.jar started by Administrator in F:\workspace\backend\xuecheng\data\nacos\bin)

2019-11-11 18:38:24,778 INFO The following profiles are active: standalone

2019-11-11 18:38:26,508 INFO Bean 'org.springframework.security.config.annotation.configuration.ObjectPostProcessorConfiguration' of type [org.springframework.security.config.annotation.configuration.ObjectPostProcessorConfiguration$$EnhancerBySpringCGLIB$$ceaf1da0] is not eligible for getting processed by all BeanPostProcessors (for example: not eligible for auto-proxying)

2019-11-11 18:38:26,582 INFO Bean 'objectPostProcessor' of type [org.springframework.security.config.annotation.configuration.AutowireBeanFactoryObjectPostProcessor] is not eligible for getting processed by all BeanPostProcessors (for example: not eligible for auto-proxying)

2019-11-11 18:38:26,585 INFO Bean 'org.springframework.security.access.expression.method.DefaultMethodSecurityExpressionHandler@2a265ea9' of type [org.springframework.security.access.expression.method.DefaultMethodSecurityExpressionHandler] is not eligible for getting processed by all BeanPostProcessors (for example: not eligible for auto-proxying)

2019-11-11 18:38:26,587 INFO Bean 'org.springframework.security.config.annotation.method.configuration.GlobalMethodSecurityConfiguration' of type [org.springframework.security.config.annotation.method.configuration.GlobalMethodSecurityConfiguration$$EnhancerBySpringCGLIB$$f383c052] is not eligible for getting processed by all BeanPostProcessors (for example: not eligible for auto-proxying)

2019-11-11 18:38:26,590 INFO Bean 'methodSecurityMetadataSource' of type [org.springframework.security.access.method.DelegatingMethodSecurityMetadataSource] is not eligible for getting processed by all BeanPostProcessors (for example: not eligible for auto-proxying)

2019-11-11 18:38:27,102 INFO Tomcat initialized with port(s): 8848 (http)

2019-11-11 18:38:27,146 INFO Starting service [Tomcat]

2019-11-11 18:38:27,146 INFO Starting Servlet Engine: Apache Tomcat/9.0.13

2019-11-11 18:38:27,156 INFO The APR based Apache Tomcat Native library which allows optimal performance in production environments was not found on the java.library.path: [D:\java8\jdk\bin;C:\Windows\Sun\Java\bin;C:\Windows\system32;C:\Windows;C:\ProgramData\Oracle\Java\javapath;D:\python;D:\python\Library\mingw-w64\bin;D:\python\Library\usr\bin;D:\python\Library\bin;D:\python\Scripts;D:\instantclient;C:\Windows\system32;C:\Windows;C:\Windows\System32\Wbem;C:\Windows\System32\WindowsPowerShell\v1.0\;C:\Windows\System32\OpenSSH\;D:\java8\jdk\bin;D:\java8\jdk\jre\bin;D:\maven\bin;D:\TortoiseSVN\bin;D:\pypy3.6\pypy3.6-v7.1.1-win32;D:\git\Git\cmd;D:\TortoiseGit\bin;D:\nodejs\;D:\flutter\bin;C:\Program Files\dotnet\;D:\SecureCRT\;C:\Users\Administrator\AppData\Local\Microsoft\WindowsApps;C:\Users\Administrator\AppData\Roaming\npm;.]

2019-11-11 18:38:27,223 INFO Initializing Spring embedded WebApplicationContext

2019-11-11 18:38:27,223 INFO Root WebApplicationContext: initialization completed in 2399 ms

2019-11-11 18:38:27,969 INFO Use Mysql as the driver

2019-11-11 18:38:34,582 INFO Initializing ExecutorService 'applicationTaskExecutor'

2019-11-11 18:38:34,710 INFO Adding welcome page: class path resource [static/index.html]

2019-11-11 18:38:35,006 INFO Creating filter chain: Ant [pattern='/'], []

2019-11-11 18:38:35,007 INFO Creating filter chain: Ant [pattern='/**/*.css'], []

2019-11-11 18:38:35,008 INFO Creating filter chain: Ant [pattern='/**/*.js'], []

2019-11-11 18:38:35,008 INFO Creating filter chain: Ant [pattern='/**/*.html'], []

2019-11-11 18:38:35,008 INFO Creating filter chain: Ant [pattern='/**/*.map'], []

2019-11-11 18:38:35,009 INFO Creating filter chain: Ant [pattern='/**/*.svg'], []

2019-11-11 18:38:35,009 INFO Creating filter chain: Ant [pattern='/**/*.png'], []

2019-11-11 18:38:35,009 INFO Creating filter chain: Ant [pattern='/**/*.ico'], []

2019-11-11 18:38:35,010 INFO Creating filter chain: Ant [pattern='/console-fe/public/**'], []

2019-11-11 18:38:35,010 INFO Creating filter chain: Ant [pattern='/v1/auth/login'], []

2019-11-11 18:38:35,011 INFO Creating filter chain: Ant [pattern='/v1/console/health/**'], []

2019-11-11 18:38:35,011 INFO Creating filter chain: Ant [pattern='/v1/cs/**'], []

2019-11-11 18:38:35,011 INFO Creating filter chain: Ant [pattern='/v1/ns/**'], []

2019-11-11 18:38:35,012 INFO Creating filter chain: Ant [pattern='/v1/cmdb/**'], []

2019-11-11 18:38:35,012 INFO Creating filter chain: Ant [pattern='/actuator/**'], []

2019-11-11 18:38:35,012 INFO Creating filter chain: Ant [pattern='/v1/console/server/**'], []

2019-11-11 18:38:35,039 INFO Creating filter chain: any request, [org.springframework.security.web.context.request.async.WebAsyncManagerIntegrationFilter@5cbe877d, org.springframework.security.web.context.SecurityContextPersistenceFilter@7e7b159b, org.springframework.security.web.header.HeaderWriterFilter@77a7cf58, org.springframework.security.web.authentication.logout.LogoutFilter@40dff0b7, com.alibaba.nacos.console.filter.JwtAuthenticationTokenFilter@5c08c46a, org.springframework.security.web.savedrequest.RequestCacheAwareFilter@60957c0f, org.springframework.security.web.servletapi.SecurityContextHolderAwareRequestFilter@784c3487, org.springframework.security.web.authentication.AnonymousAuthenticationFilter@4cf8b2dc, org.springframework.security.web.session.SessionManagementFilter@616fe72b, org.springframework.security.web.access.ExceptionTranslationFilter@4d722ac9, org.springframework.security.web.access.intercept.FilterSecurityInterceptor@7e8dcdaa]

2019-11-11 18:38:35,070 INFO Exposing 2 endpoint(s) beneath base path '/actuator'

2019-11-11 18:38:35,097 INFO Initializing ExecutorService 'taskScheduler'

2019-11-11 18:38:35,233 INFO Tomcat started on port(s): 8848 (http) with context path '/nacos'

2019-11-11 18:38:35,238 INFO Started Nacos in 12.086 seconds (JVM running for 13.262)

2019-11-11 18:38:35,238 INFO Nacos Log files: F:\workspace\backend\xuecheng\data\nacos/logs/

2019-11-11 18:38:35,238 INFO Nacos Conf files: F:\workspace\backend\xuecheng\data\nacos/conf/

2019-11-11 18:38:35,239 INFO Nacos Data files: F:\workspace\backend\xuecheng\data\nacos/data/

2019-11-11 18:38:35,239 INFO Nacos started successfully in stand alone mode.

2019-11-11 18:38:38,299 INFO Initializing Spring DispatcherServlet 'dispatcherServlet'

2019-11-11 18:38:38,300 INFO Initializing Servlet 'dispatcherServlet'

2019-11-11 18:38:38,311 INFO Completed initialization in 11 ms

2019-11-11 18:39:35,959 INFO Expired JWT token.

2019-11-11 18:39:36,000 ERROR Responding with unauthorized error. Message - Full authentication is required to access this resource

2019-11-11 18:48:33,170 INFO [capacityManagement] start correct usage

2019-11-11 18:48:33,452 INFO [capacityManagement] end correct usage, cost: 0s

2019-11-11 18:48:34,292 WARN clearConfigHistory start

2019-11-11 18:58:33,453 INFO [capacityManagement] start correct usage

2019-11-11 18:58:33,698 INFO [capacityManagement] end correct usage, cost: 0s

2019-11-11 18:58:34,428 WARN clearConfigHistory start

2019-11-11 19:08:33,699 INFO [capacityManagement] start correct usage

2019-11-11 19:08:33,944 INFO [capacityManagement] end correct usage, cost: 0s

2019-11-11 19:08:34,569 WARN clearConfigHistory start

2019-11-11 19:18:33,960 INFO [capacityManagement] start correct usage

2019-11-11 19:18:34,254 INFO [capacityManagement] end correct usage, cost: 0s

2019-11-11 19:18:34,710 WARN clearConfigHistory start

2019-11-11 19:28:34,255 INFO [capacityManagement] start correct usage

2019-11-11 19:28:34,524 INFO [capacityManagement] end correct usage, cost: 0s

2019-11-11 19:28:34,868 WARN clearConfigHistory start

2019-11-11 19:38:34,525 INFO [capacityManagement] start correct usage

2019-11-11 19:38:34,781 INFO [capacityManagement] end correct usage, cost: 0s

2019-11-11 19:38:35,030 WARN clearConfigHistory start

2019-11-11 19:41:39,365 INFO Expired JWT token.

2019-11-11 19:41:39,498 ERROR Responding with unauthorized error. Message - Full authentication is required to access this resource

2019-11-11 19:48:34,782 INFO [capacityManagement] start correct usage

2019-11-11 19:48:35,035 INFO [capacityManagement] end correct usage, cost: 0s

2019-11-11 19:48:35,174 WARN clearConfigHistory start

