2019-11-12 08:27:56,690 INFO PERFORMANCE:|0|0|-1|-1

2019-11-12 08:32:56,696 INFO PERFORMANCE:|2|2|-1|-1

2019-11-12 08:37:56,696 INFO PERFORMANCE:|2|2|-1|-1

2019-11-12 08:42:56,698 INFO PERFORMANCE:|2|2|-1|-1

2019-11-12 08:47:56,700 INFO PERFORMANCE:|2|2|-1|-1

2019-11-12 08:52:56,700 INFO PERFORMANCE:|2|2|-1|-1

2019-11-12 08:57:56,702 INFO PERFORMANCE:|2|2|-1|-1

2019-11-12 09:02:56,704 INFO PERFORMANCE:|2|2|-1|-1

2019-11-12 09:07:56,705 INFO PERFORMANCE:|2|2|-1|-1

2019-11-12 09:12:56,706 INFO PERFORMANCE:|2|0|-1|-1

2019-11-12 09:17:56,707 INFO PERFORMANCE:|2|0|-1|-1

2019-11-12 12:58:37,157 INFO PERFORMANCE:|1|1|-1|-1

2019-11-12 13:03:37,159 INFO PERFORMANCE:|1|1|-1|-1

2019-11-12 13:08:37,160 INFO PERFORMANCE:|2|2|-1|-1

2019-11-12 13:13:37,208 INFO PERFORMANCE:|2|2|-1|-1

2019-11-12 13:18:37,209 INFO PERFORMANCE:|2|2|-1|-1

2019-11-12 13:23:37,211 INFO PERFORMANCE:|2|0|-1|-1

2019-11-12 13:28:37,212 INFO PERFORMANCE:|2|0|-1|-1

2019-11-12 17:43:07,899 INFO PERFORMANCE:|0|0|-1|-1

2019-11-12 17:48:07,907 INFO PERFORMANCE:|0|0|-1|-1

2019-11-12 17:53:07,909 INFO PERFORMANCE:|0|0|-1|-1

2019-11-12 17:58:07,910 INFO PERFORMANCE:|0|0|-1|-1

2019-11-12 18:03:07,911 INFO PERFORMANCE:|0|0|-1|-1

2019-11-12 18:08:07,911 INFO PERFORMANCE:|0|0|-1|-1

2019-11-12 18:13:07,913 INFO PERFORMANCE:|0|0|-1|-1

2019-11-12 18:18:07,914 INFO PERFORMANCE:|0|0|-1|-1

2019-11-12 18:23:07,916 INFO PERFORMANCE:|0|0|-1|-1

2019-11-12 18:28:07,916 INFO PERFORMANCE:|0|0|-1|-1

